<?xml version="1.0" encoding="UTF-8"?>
<!-- Generated by org.testng.reporters.JUnitXMLReporter -->
<testsuite ignored="0" hostname="LAPTOP-MCIHK329" failures="0" tests="5" name="Test" time="54.924" errors="0" timestamp="2023-10-06T14:18:56 IST">
  <testcase classname="testPackage.ActiTimeValidLoginTestCase" name="validLoginTestScript" time="2.304"/>
  <testcase classname="testPackage.ActitimeInvalidLoginTestCase" name="invalidLoginTestScript" time="23.27"/>
  <testcase classname="testPackage.ActitimeCreateProjects_Customer" name="createValidCustomer_ProjectTestScript" time="8.484"/>
  <testcase classname="testPackage.ActitimeCreateManagers" name="createNewManagerTestScript" time="5.134"/>
  <testcase classname="testPackage.ActiTimeDeleteTestCase" name="deletetestScript" time="3.777"/>
</testsuite> <!-- Test -->
